<?xml version="1.0" encoding="UTF-8"?>
<!-- Generated by org.testng.reporters.JUnitReportReporter -->
<testsuite hostname="Ashwani_Singh" failures="0" tests="1" name="com.Ashwani.TestCases.TestCase2" time="12.210" errors="0" timestamp="9 Sep 2022 06:50:47 GMT">
  <testcase classname="com.Ashwani.TestCases.TestCase2" name="identifyUnaddedProductInCart" time="12.210"/>
</testsuite> <!-- com.Ashwani.TestCases.TestCase2 -->
