<?xml version="1.0" encoding="UTF-8"?>
<!-- Generated by org.testng.reporters.JUnitReportReporter -->
<testsuite hostname="Ashwani_Singh" name="com.Ashwani.TestCases.TestCase2" tests="1" failures="0" timestamp="9 Sep 2022 16:47:08 GMT" time="14.960" errors="0">
  <testcase name="identifyUnaddedProductInCart" time="14.960" classname="com.Ashwani.TestCases.TestCase2"/>
</testsuite> <!-- com.Ashwani.TestCases.TestCase2 -->
